<?xml version="1.0" encoding="UTF-8"?>
<coverage generated="1764798855485" clover="3.2.0">
  <project timestamp="1764798855485" name="All files">
    <metrics statements="128" coveredstatements="119" conditionals="125" coveredconditionals="105" methods="22" coveredmethods="20" elements="275" coveredelements="244" complexity="0" loc="128" ncloc="128" packages="1" files="1" classes="1"/>
    <file name="App.jsx" path="/Users/Autolycus/Desktop/4156-Team-Project-2025/CalorieService/recipe-client/src/App.jsx">
      <metrics statements="128" coveredstatements="119" conditionals="125" coveredconditionals="105" methods="22" coveredmethods="20"/>
      <line num="4" count="1" type="stmt"/>
      <line num="7" count="32" type="stmt"/>
      <line num="17" count="17" type="cond" truecount="1" falsecount="1"/>
      <line num="19" count="17" type="stmt"/>
      <line num="37" count="68" type="stmt"/>
      <line num="38" count="68" type="stmt"/>
      <line num="40" count="68" type="stmt"/>
      <line num="41" count="68" type="stmt"/>
      <line num="42" count="68" type="stmt"/>
      <line num="43" count="68" type="stmt"/>
      <line num="45" count="68" type="stmt"/>
      <line num="46" count="68" type="stmt"/>
      <line num="47" count="68" type="stmt"/>
      <line num="48" count="68" type="stmt"/>
      <line num="51" count="68" type="stmt"/>
      <line num="54" count="68" type="stmt"/>
      <line num="55" count="15" type="stmt"/>
      <line num="56" count="15" type="cond" truecount="1" falsecount="1"/>
      <line num="57" count="15" type="stmt"/>
      <line num="58" count="15" type="stmt"/>
      <line num="59" count="15" type="stmt"/>
      <line num="63" count="14" type="stmt"/>
      <line num="64" count="14" type="stmt"/>
      <line num="70" count="15" type="cond" truecount="1" falsecount="1"/>
      <line num="71" count="0" type="stmt"/>
      <line num="72" count="0" type="stmt"/>
      <line num="75" count="15" type="stmt"/>
      <line num="76" count="15" type="stmt"/>
      <line num="86" count="15" type="stmt"/>
      <line num="88" count="15" type="stmt"/>
      <line num="89" count="15" type="cond" truecount="2" falsecount="0"/>
      <line num="91" count="1" type="stmt"/>
      <line num="94" count="15" type="cond" truecount="2" falsecount="0"/>
      <line num="95" count="2" type="stmt"/>
      <line num="102" count="13" type="stmt"/>
      <line num="108" count="13" type="stmt"/>
      <line num="109" count="13" type="stmt"/>
      <line num="123" count="1" type="stmt"/>
      <line num="130" count="13" type="stmt"/>
      <line num="131" count="13" type="stmt"/>
      <line num="132" count="13" type="cond" truecount="2" falsecount="0"/>
      <line num="133" count="1" type="stmt"/>
      <line num="134" count="1" type="stmt"/>
      <line num="137" count="12" type="cond" truecount="2" falsecount="0"/>
      <line num="139" count="12" type="stmt"/>
      <line num="140" count="12" type="stmt"/>
      <line num="142" count="0" type="stmt"/>
      <line num="144" count="12" type="stmt"/>
      <line num="148" count="12" type="stmt"/>
      <line num="150" count="12" type="stmt"/>
      <line num="151" count="12" type="stmt"/>
      <line num="152" count="12" type="stmt"/>
      <line num="153" count="12" type="stmt"/>
      <line num="155" count="12" type="stmt"/>
      <line num="163" count="11" type="cond" truecount="2" falsecount="0"/>
      <line num="164" count="1" type="stmt"/>
      <line num="165" count="1" type="stmt"/>
      <line num="167" count="10" type="stmt"/>
      <line num="168" count="10" type="stmt"/>
      <line num="169" count="10" type="stmt"/>
      <line num="170" count="10" type="stmt"/>
      <line num="172" count="10" type="stmt"/>
      <line num="173" count="10" type="stmt"/>
      <line num="179" count="8" type="cond" truecount="3" falsecount="1"/>
      <line num="180" count="8" type="stmt"/>
      <line num="181" count="8" type="stmt"/>
      <line num="183" count="8" type="cond" truecount="2" falsecount="0"/>
      <line num="184" count="1" type="stmt"/>
      <line num="187" count="2" type="stmt"/>
      <line num="189" count="10" type="stmt"/>
      <line num="196" count="3" type="cond" truecount="1" falsecount="1"/>
      <line num="197" count="3" type="stmt"/>
      <line num="198" count="3" type="cond" truecount="2" falsecount="0"/>
      <line num="200" count="2" type="stmt"/>
      <line num="201" count="2" type="stmt"/>
      <line num="202" count="2" type="stmt"/>
      <line num="203" count="2" type="stmt"/>
      <line num="205" count="2" type="stmt"/>
      <line num="206" count="2" type="stmt"/>
      <line num="211" count="2" type="stmt"/>
      <line num="213" count="2" type="cond" truecount="3" falsecount="1"/>
      <line num="214" count="2" type="cond" truecount="4" falsecount="0"/>
      <line num="215" count="1" type="stmt"/>
      <line num="217" count="1" type="stmt"/>
      <line num="221" count="2" type="stmt"/>
      <line num="223" count="2" type="stmt"/>
      <line num="227" count="2" type="cond" truecount="5" falsecount="0"/>
      <line num="228" count="1" type="stmt"/>
      <line num="230" count="1" type="stmt"/>
      <line num="233" count="0" type="stmt"/>
      <line num="235" count="2" type="stmt"/>
      <line num="242" count="1" type="cond" truecount="1" falsecount="1"/>
      <line num="243" count="0" type="stmt"/>
      <line num="244" count="0" type="stmt"/>
      <line num="246" count="1" type="cond" truecount="1" falsecount="1"/>
      <line num="247" count="1" type="stmt"/>
      <line num="248" count="1" type="cond" truecount="1" falsecount="1"/>
      <line num="250" count="1" type="stmt"/>
      <line num="251" count="1" type="stmt"/>
      <line num="258" count="1" type="stmt"/>
      <line num="259" count="1" type="cond" truecount="1" falsecount="1"/>
      <line num="262" count="1" type="cond" truecount="2" falsecount="0"/>
      <line num="264" count="1" type="stmt"/>
      <line num="265" count="1" type="stmt"/>
      <line num="267" count="0" type="stmt"/>
      <line num="269" count="1" type="cond" truecount="1" falsecount="1"/>
      <line num="270" count="1" type="cond" truecount="2" falsecount="0"/>
      <line num="271" count="1" type="stmt"/>
      <line num="272" count="1" type="stmt"/>
      <line num="273" count="1" type="stmt"/>
      <line num="275" count="1" type="stmt"/>
      <line num="282" count="1" type="stmt"/>
      <line num="284" count="0" type="stmt"/>
      <line num="289" count="13" type="stmt"/>
      <line num="290" count="13" type="cond" truecount="2" falsecount="0"/>
      <line num="291" count="12" type="stmt"/>
      <line num="296" count="68" type="stmt"/>
      <line num="319" count="13" type="stmt"/>
      <line num="340" count="0" type="stmt"/>
      <line num="362" count="13" type="stmt"/>
      <line num="363" count="13" type="stmt"/>
      <line num="364" count="13" type="stmt"/>
      <line num="366" count="13" type="stmt"/>
      <line num="383" count="3" type="stmt"/>
      <line num="389" count="1" type="stmt"/>
      <line num="427" count="3" type="stmt"/>
      <line num="442" count="3" type="stmt"/>
      <line num="460" count="3" type="stmt"/>
    </file>
  </project>
</coverage>
