{"/Users/Autolycus/Desktop/4156-Team-Project-2025/CalorieService/recipe-client/src/App.jsx": {"path":"/Users/Autolycus/Desktop/4156-Team-Project-2025/CalorieService/recipe-client/src/App.jsx","statementMap":{"0":{"start":{"line":4,"column":26},"end":{"line":4,"column":29}},"1":{"start":{"line":7,"column":2},"end":{"line":13,"column":4}},"2":{"start":{"line":17,"column":2},"end":{"line":17,"column":31}},"3":{"start":{"line":17,"column":15},"end":{"line":17,"column":31}},"4":{"start":{"line":19,"column":2},"end":{"line":30,"column":4}},"5":{"start":{"line":37,"column":30},"end":{"line":37,"column":42}},"6":{"start":{"line":38,"column":34},"end":{"line":38,"column":49}},"7":{"start":{"line":40,"column":38},"end":{"line":40,"column":51}},"8":{"start":{"line":41,"column":32},"end":{"line":41,"column":44}},"9":{"start":{"line":42,"column":46},"end":{"line":42,"column":60}},"10":{"start":{"line":43,"column":50},"end":{"line":43,"column":64}},"11":{"start":{"line":45,"column":32},"end":{"line":45,"column":47}},"12":{"start":{"line":46,"column":44},"end":{"line":46,"column":59}},"13":{"start":{"line":47,"column":28},"end":{"line":47,"column":40}},"14":{"start":{"line":48,"column":28},"end":{"line":48,"column":40}},"15":{"start":{"line":51,"column":46},"end":{"line":51,"column":58}},"16":{"start":{"line":54,"column":23},"end":{"line":60,"column":4}},"17":{"start":{"line":55,"column":19},"end":{"line":55,"column":53}},"18":{"start":{"line":56,"column":4},"end":{"line":56,"column":30}},"19":{"start":{"line":56,"column":16},"end":{"line":56,"column":30}},"20":{"start":{"line":57,"column":15},"end":{"line":57,"column":34}},"21":{"start":{"line":58,"column":4},"end":{"line":58,"column":43}},"22":{"start":{"line":59,"column":4},"end":{"line":59,"column":14}},"23":{"start":{"line":63,"column":4},"end":{"line":63,"column":22}},"24":{"start":{"line":64,"column":4},"end":{"line":64,"column":41}},"25":{"start":{"line":64,"column":21},"end":{"line":64,"column":33}},"26":{"start":{"line":70,"column":4},"end":{"line":73,"column":5}},"27":{"start":{"line":71,"column":6},"end":{"line":71,"column":49}},"28":{"start":{"line":72,"column":6},"end":{"line":72,"column":56}},"29":{"start":{"line":75,"column":4},"end":{"line":75,"column":17}},"30":{"start":{"line":76,"column":16},"end":{"line":84,"column":6}},"31":{"start":{"line":86,"column":17},"end":{"line":86,"column":33}},"32":{"start":{"line":88,"column":4},"end":{"line":92,"column":5}},"33":{"start":{"line":89,"column":6},"end":{"line":89,"column":44}},"34":{"start":{"line":91,"column":6},"end":{"line":91,"column":18}},"35":{"start":{"line":94,"column":4},"end":{"line":100,"column":5}},"36":{"start":{"line":95,"column":6},"end":{"line":99,"column":8}},"37":{"start":{"line":102,"column":4},"end":{"line":102,"column":16}},"38":{"start":{"line":108,"column":4},"end":{"line":124,"column":5}},"39":{"start":{"line":109,"column":6},"end":{"line":121,"column":9}},"40":{"start":{"line":123,"column":6},"end":{"line":123,"column":45}},"41":{"start":{"line":130,"column":4},"end":{"line":130,"column":23}},"42":{"start":{"line":131,"column":20},"end":{"line":131,"column":41}},"43":{"start":{"line":132,"column":4},"end":{"line":135,"column":5}},"44":{"start":{"line":133,"column":6},"end":{"line":133,"column":42}},"45":{"start":{"line":134,"column":6},"end":{"line":134,"column":13}},"46":{"start":{"line":137,"column":21},"end":{"line":137,"column":62}},"47":{"start":{"line":139,"column":4},"end":{"line":143,"column":5}},"48":{"start":{"line":140,"column":6},"end":{"line":140,"column":35}},"49":{"start":{"line":142,"column":6},"end":{"line":142,"column":17}},"50":{"start":{"line":144,"column":4},"end":{"line":147,"column":6}},"51":{"start":{"line":148,"column":4},"end":{"line":148,"column":61}},"52":{"start":{"line":150,"column":4},"end":{"line":150,"column":23}},"53":{"start":{"line":151,"column":4},"end":{"line":151,"column":22}},"54":{"start":{"line":152,"column":4},"end":{"line":152,"column":17}},"55":{"start":{"line":153,"column":4},"end":{"line":153,"column":54}},"56":{"start":{"line":155,"column":4},"end":{"line":158,"column":7}},"57":{"start":{"line":163,"column":4},"end":{"line":166,"column":5}},"58":{"start":{"line":164,"column":6},"end":{"line":164,"column":66}},"59":{"start":{"line":165,"column":6},"end":{"line":165,"column":13}},"60":{"start":{"line":167,"column":4},"end":{"line":167,"column":21}},"61":{"start":{"line":168,"column":4},"end":{"line":168,"column":17}},"62":{"start":{"line":169,"column":4},"end":{"line":169,"column":28}},"63":{"start":{"line":170,"column":4},"end":{"line":170,"column":30}},"64":{"start":{"line":172,"column":4},"end":{"line":190,"column":5}},"65":{"start":{"line":173,"column":19},"end":{"line":177,"column":7}},"66":{"start":{"line":179,"column":19},"end":{"line":179,"column":66}},"67":{"start":{"line":180,"column":21},"end":{"line":180,"column":37}},"68":{"start":{"line":181,"column":6},"end":{"line":181,"column":25}},"69":{"start":{"line":183,"column":6},"end":{"line":185,"column":7}},"70":{"start":{"line":184,"column":8},"end":{"line":184,"column":86}},"71":{"start":{"line":187,"column":6},"end":{"line":187,"column":28}},"72":{"start":{"line":189,"column":6},"end":{"line":189,"column":24}},"73":{"start":{"line":196,"column":4},"end":{"line":196,"column":24}},"74":{"start":{"line":196,"column":17},"end":{"line":196,"column":24}},"75":{"start":{"line":197,"column":21},"end":{"line":197,"column":40}},"76":{"start":{"line":198,"column":4},"end":{"line":198,"column":33}},"77":{"start":{"line":198,"column":26},"end":{"line":198,"column":33}},"78":{"start":{"line":200,"column":4},"end":{"line":200,"column":28}},"79":{"start":{"line":201,"column":4},"end":{"line":201,"column":30}},"80":{"start":{"line":202,"column":4},"end":{"line":202,"column":27}},"81":{"start":{"line":203,"column":4},"end":{"line":203,"column":17}},"82":{"start":{"line":205,"column":4},"end":{"line":236,"column":5}},"83":{"start":{"line":206,"column":27},"end":{"line":209,"column":7}},"84":{"start":{"line":211,"column":23},"end":{"line":211,"column":29}},"85":{"start":{"line":213,"column":6},"end":{"line":219,"column":7}},"86":{"start":{"line":214,"column":8},"end":{"line":218,"column":9}},"87":{"start":{"line":215,"column":10},"end":{"line":215,"column":61}},"88":{"start":{"line":217,"column":10},"end":{"line":217,"column":54}},"89":{"start":{"line":221,"column":6},"end":{"line":221,"column":36}},"90":{"start":{"line":223,"column":24},"end":{"line":225,"column":7}},"91":{"start":{"line":227,"column":6},"end":{"line":231,"column":7}},"92":{"start":{"line":228,"column":8},"end":{"line":228,"column":39}},"93":{"start":{"line":230,"column":8},"end":{"line":230,"column":75}},"94":{"start":{"line":233,"column":6},"end":{"line":233,"column":28}},"95":{"start":{"line":235,"column":6},"end":{"line":235,"column":30}},"96":{"start":{"line":242,"column":4},"end":{"line":245,"column":5}},"97":{"start":{"line":243,"column":6},"end":{"line":243,"column":64}},"98":{"start":{"line":244,"column":6},"end":{"line":244,"column":13}},"99":{"start":{"line":246,"column":4},"end":{"line":246,"column":24}},"100":{"start":{"line":246,"column":17},"end":{"line":246,"column":24}},"101":{"start":{"line":247,"column":21},"end":{"line":247,"column":40}},"102":{"start":{"line":248,"column":4},"end":{"line":248,"column":33}},"103":{"start":{"line":248,"column":26},"end":{"line":248,"column":33}},"104":{"start":{"line":250,"column":4},"end":{"line":285,"column":5}},"105":{"start":{"line":251,"column":6},"end":{"line":256,"column":8}},"106":{"start":{"line":258,"column":6},"end":{"line":260,"column":8}},"107":{"start":{"line":259,"column":8},"end":{"line":259,"column":60}},"108":{"start":{"line":262,"column":23},"end":{"line":262,"column":64}},"109":{"start":{"line":264,"column":6},"end":{"line":268,"column":7}},"110":{"start":{"line":265,"column":8},"end":{"line":265,"column":42}},"111":{"start":{"line":267,"column":8},"end":{"line":267,"column":24}},"112":{"start":{"line":269,"column":22},"end":{"line":269,"column":43}},"113":{"start":{"line":270,"column":27},"end":{"line":270,"column":61}},"114":{"start":{"line":271,"column":6},"end":{"line":271,"column":33}},"115":{"start":{"line":272,"column":6},"end":{"line":272,"column":53}},"116":{"start":{"line":273,"column":6},"end":{"line":273,"column":68}},"117":{"start":{"line":275,"column":6},"end":{"line":280,"column":9}},"118":{"start":{"line":282,"column":6},"end":{"line":282,"column":74}},"119":{"start":{"line":284,"column":6},"end":{"line":284,"column":28}},"120":{"start":{"line":289,"column":21},"end":{"line":289,"column":40}},"121":{"start":{"line":290,"column":4},"end":{"line":290,"column":39}},"122":{"start":{"line":290,"column":26},"end":{"line":290,"column":39}},"123":{"start":{"line":291,"column":4},"end":{"line":291,"column":45}},"124":{"start":{"line":296,"column":2},"end":{"line":478,"column":4}},"125":{"start":{"line":319,"column":35},"end":{"line":319,"column":60}},"126":{"start":{"line":340,"column":35},"end":{"line":340,"column":72}},"127":{"start":{"line":362,"column":33},"end":{"line":362,"column":52}},"128":{"start":{"line":363,"column":30},"end":{"line":363,"column":52}},"129":{"start":{"line":364,"column":30},"end":{"line":364,"column":51}},"130":{"start":{"line":366,"column":16},"end":{"line":396,"column":18}},"131":{"start":{"line":383,"column":39},"end":{"line":383,"column":64}},"132":{"start":{"line":389,"column":39},"end":{"line":389,"column":57}},"133":{"start":{"line":427,"column":26},"end":{"line":430,"column":31}},"134":{"start":{"line":442,"column":24},"end":{"line":449,"column":29}},"135":{"start":{"line":460,"column":24},"end":{"line":460,"column":49}}},"fnMap":{"0":{"name":"getRecipeId","decl":{"start":{"line":6,"column":9},"end":{"line":6,"column":20}},"loc":{"start":{"line":6,"column":29},"end":{"line":14,"column":1}},"line":6},"1":{"name":"getRecipeTitle","decl":{"start":{"line":16,"column":9},"end":{"line":16,"column":23}},"loc":{"start":{"line":16,"column":32},"end":{"line":31,"column":1}},"line":16},"2":{"name":"App","decl":{"start":{"line":35,"column":9},"end":{"line":35,"column":12}},"loc":{"start":{"line":35,"column":15},"end":{"line":479,"column":1}},"line":35},"3":{"name":"(anonymous_3)","decl":{"start":{"line":54,"column":32},"end":{"line":54,"column":33}},"loc":{"start":{"line":54,"column":38},"end":{"line":60,"column":3}},"line":54},"4":{"name":"clearToastSoon","decl":{"start":{"line":62,"column":11},"end":{"line":62,"column":25}},"loc":{"start":{"line":62,"column":35},"end":{"line":65,"column":3}},"line":62},"5":{"name":"(anonymous_5)","decl":{"start":{"line":64,"column":15},"end":{"line":64,"column":16}},"loc":{"start":{"line":64,"column":21},"end":{"line":64,"column":33}},"line":64},"6":{"name":"callApi","decl":{"start":{"line":69,"column":17},"end":{"line":69,"column":24}},"loc":{"start":{"line":69,"column":45},"end":{"line":103,"column":3}},"line":69},"7":{"name":"logEvent","decl":{"start":{"line":107,"column":17},"end":{"line":107,"column":25}},"loc":{"start":{"line":107,"column":33},"end":{"line":125,"column":3}},"line":107},"8":{"name":"handleSignIn","decl":{"start":{"line":129,"column":11},"end":{"line":129,"column":23}},"loc":{"start":{"line":129,"column":27},"end":{"line":159,"column":3}},"line":129},"9":{"name":"loadHealthyRecipes","decl":{"start":{"line":162,"column":17},"end":{"line":162,"column":35}},"loc":{"start":{"line":162,"column":38},"end":{"line":191,"column":3}},"line":162},"10":{"name":"openRecipeDetails","decl":{"start":{"line":195,"column":17},"end":{"line":195,"column":34}},"loc":{"start":{"line":195,"column":43},"end":{"line":237,"column":3}},"line":195},"11":{"name":"likeRecipe","decl":{"start":{"line":241,"column":17},"end":{"line":241,"column":27}},"loc":{"start":{"line":241,"column":36},"end":{"line":286,"column":3}},"line":241},"12":{"name":"(anonymous_12)","decl":{"start":{"line":258,"column":24},"end":{"line":258,"column":25}},"loc":{"start":{"line":259,"column":8},"end":{"line":259,"column":60}},"line":259},"13":{"name":"isRecipeLiked","decl":{"start":{"line":288,"column":11},"end":{"line":288,"column":24}},"loc":{"start":{"line":288,"column":33},"end":{"line":292,"column":3}},"line":288},"14":{"name":"(anonymous_14)","decl":{"start":{"line":319,"column":28},"end":{"line":319,"column":29}},"loc":{"start":{"line":319,"column":35},"end":{"line":319,"column":60}},"line":319},"15":{"name":"(anonymous_15)","decl":{"start":{"line":340,"column":28},"end":{"line":340,"column":29}},"loc":{"start":{"line":340,"column":35},"end":{"line":340,"column":72}},"line":340},"16":{"name":"(anonymous_16)","decl":{"start":{"line":361,"column":27},"end":{"line":361,"column":28}},"loc":{"start":{"line":361,"column":39},"end":{"line":397,"column":15}},"line":361},"17":{"name":"(anonymous_17)","decl":{"start":{"line":383,"column":33},"end":{"line":383,"column":34}},"loc":{"start":{"line":383,"column":39},"end":{"line":383,"column":64}},"line":383},"18":{"name":"(anonymous_18)","decl":{"start":{"line":389,"column":33},"end":{"line":389,"column":34}},"loc":{"start":{"line":389,"column":39},"end":{"line":389,"column":57}},"line":389},"19":{"name":"(anonymous_19)","decl":{"start":{"line":426,"column":62},"end":{"line":426,"column":63}},"loc":{"start":{"line":427,"column":26},"end":{"line":430,"column":31}},"line":427},"20":{"name":"(anonymous_20)","decl":{"start":{"line":441,"column":54},"end":{"line":441,"column":55}},"loc":{"start":{"line":442,"column":24},"end":{"line":449,"column":29}},"line":442},"21":{"name":"(anonymous_21)","decl":{"start":{"line":459,"column":48},"end":{"line":459,"column":49}},"loc":{"start":{"line":460,"column":24},"end":{"line":460,"column":49}},"line":460}},"branchMap":{"0":{"loc":{"start":{"line":8,"column":4},"end":{"line":12,"column":8}},"type":"binary-expr","locations":[{"start":{"line":8,"column":4},"end":{"line":8,"column":14}},{"start":{"line":9,"column":4},"end":{"line":9,"column":20}},{"start":{"line":10,"column":4},"end":{"line":10,"column":20}},{"start":{"line":11,"column":4},"end":{"line":11,"column":21}},{"start":{"line":12,"column":4},"end":{"line":12,"column":8}}],"line":8},"1":{"loc":{"start":{"line":17,"column":2},"end":{"line":17,"column":31}},"type":"if","locations":[{"start":{"line":17,"column":2},"end":{"line":17,"column":31}},{"start":{},"end":{}}],"line":17},"2":{"loc":{"start":{"line":20,"column":4},"end":{"line":29,"column":78}},"type":"binary-expr","locations":[{"start":{"line":20,"column":4},"end":{"line":20,"column":16}},{"start":{"line":21,"column":4},"end":{"line":21,"column":15}},{"start":{"line":22,"column":4},"end":{"line":22,"column":21}},{"start":{"line":23,"column":4},"end":{"line":23,"column":23}},{"start":{"line":24,"column":4},"end":{"line":24,"column":22}},{"start":{"line":25,"column":4},"end":{"line":25,"column":16}},{"start":{"line":26,"column":4},"end":{"line":26,"column":19}},{"start":{"line":27,"column":4},"end":{"line":27,"column":20}},{"start":{"line":28,"column":4},"end":{"line":28,"column":20}},{"start":{"line":29,"column":5},"end":{"line":29,"column":77}}],"line":20},"3":{"loc":{"start":{"line":29,"column":5},"end":{"line":29,"column":77}},"type":"cond-expr","locations":[{"start":{"line":29,"column":35},"end":{"line":29,"column":66}},{"start":{"line":29,"column":69},"end":{"line":29,"column":77}}],"line":29},"4":{"loc":{"start":{"line":56,"column":4},"end":{"line":56,"column":30}},"type":"if","locations":[{"start":{"line":56,"column":4},"end":{"line":56,"column":30}},{"start":{},"end":{}}],"line":56},"5":{"loc":{"start":{"line":69,"column":31},"end":{"line":69,"column":43}},"type":"default-arg","locations":[{"start":{"line":69,"column":41},"end":{"line":69,"column":43}}],"line":69},"6":{"loc":{"start":{"line":70,"column":4},"end":{"line":73,"column":5}},"type":"if","locations":[{"start":{"line":70,"column":4},"end":{"line":73,"column":5}},{"start":{},"end":{}}],"line":70},"7":{"loc":{"start":{"line":82,"column":12},"end":{"line":82,"column":33}},"type":"binary-expr","locations":[{"start":{"line":82,"column":12},"end":{"line":82,"column":27}},{"start":{"line":82,"column":31},"end":{"line":82,"column":33}}],"line":82},"8":{"loc":{"start":{"line":89,"column":13},"end":{"line":89,"column":43}},"type":"cond-expr","locations":[{"start":{"line":89,"column":20},"end":{"line":89,"column":36}},{"start":{"line":89,"column":39},"end":{"line":89,"column":43}}],"line":89},"9":{"loc":{"start":{"line":94,"column":4},"end":{"line":100,"column":5}},"type":"if","locations":[{"start":{"line":94,"column":4},"end":{"line":100,"column":5}},{"start":{},"end":{}}],"line":94},"10":{"loc":{"start":{"line":96,"column":8},"end":{"line":98,"column":71}},"type":"cond-expr","locations":[{"start":{"line":97,"column":12},"end":{"line":97,"column":16}},{"start":{"line":98,"column":12},"end":{"line":98,"column":71}}],"line":96},"11":{"loc":{"start":{"line":98,"column":12},"end":{"line":98,"column":71}},"type":"binary-expr","locations":[{"start":{"line":98,"column":12},"end":{"line":98,"column":25}},{"start":{"line":98,"column":29},"end":{"line":98,"column":71}}],"line":98},"12":{"loc":{"start":{"line":117,"column":18},"end":{"line":117,"column":32}},"type":"binary-expr","locations":[{"start":{"line":117,"column":18},"end":{"line":117,"column":24}},{"start":{"line":117,"column":28},"end":{"line":117,"column":32}}],"line":117},"13":{"loc":{"start":{"line":132,"column":4},"end":{"line":135,"column":5}},"type":"if","locations":[{"start":{"line":132,"column":4},"end":{"line":135,"column":5}},{"start":{},"end":{}}],"line":132},"14":{"loc":{"start":{"line":137,"column":21},"end":{"line":137,"column":62}},"type":"binary-expr","locations":[{"start":{"line":137,"column":21},"end":{"line":137,"column":54}},{"start":{"line":137,"column":58},"end":{"line":137,"column":62}}],"line":137},"15":{"loc":{"start":{"line":145,"column":10},"end":{"line":145,"column":30}},"type":"binary-expr","locations":[{"start":{"line":145,"column":10},"end":{"line":145,"column":24}},{"start":{"line":145,"column":28},"end":{"line":145,"column":30}}],"line":145},"16":{"loc":{"start":{"line":163,"column":4},"end":{"line":166,"column":5}},"type":"if","locations":[{"start":{"line":163,"column":4},"end":{"line":166,"column":5}},{"start":{},"end":{}}],"line":163},"17":{"loc":{"start":{"line":179,"column":19},"end":{"line":179,"column":66}},"type":"cond-expr","locations":[{"start":{"line":179,"column":41},"end":{"line":179,"column":45}},{"start":{"line":179,"column":48},"end":{"line":179,"column":66}}],"line":179},"18":{"loc":{"start":{"line":179,"column":48},"end":{"line":179,"column":66}},"type":"binary-expr","locations":[{"start":{"line":179,"column":48},"end":{"line":179,"column":60}},{"start":{"line":179,"column":64},"end":{"line":179,"column":66}}],"line":179},"19":{"loc":{"start":{"line":183,"column":6},"end":{"line":185,"column":7}},"type":"if","locations":[{"start":{"line":183,"column":6},"end":{"line":185,"column":7}},{"start":{},"end":{}}],"line":183},"20":{"loc":{"start":{"line":196,"column":4},"end":{"line":196,"column":24}},"type":"if","locations":[{"start":{"line":196,"column":4},"end":{"line":196,"column":24}},{"start":{},"end":{}}],"line":196},"21":{"loc":{"start":{"line":198,"column":4},"end":{"line":198,"column":33}},"type":"if","locations":[{"start":{"line":198,"column":4},"end":{"line":198,"column":33}},{"start":{},"end":{}}],"line":198},"22":{"loc":{"start":{"line":213,"column":6},"end":{"line":219,"column":7}},"type":"if","locations":[{"start":{"line":213,"column":6},"end":{"line":219,"column":7}},{"start":{},"end":{}}],"line":213},"23":{"loc":{"start":{"line":213,"column":10},"end":{"line":213,"column":58}},"type":"binary-expr","locations":[{"start":{"line":213,"column":10},"end":{"line":213,"column":22}},{"start":{"line":213,"column":26},"end":{"line":213,"column":58}}],"line":213},"24":{"loc":{"start":{"line":214,"column":8},"end":{"line":218,"column":9}},"type":"if","locations":[{"start":{"line":214,"column":8},"end":{"line":218,"column":9}},{"start":{"line":216,"column":15},"end":{"line":218,"column":9}}],"line":214},"25":{"loc":{"start":{"line":214,"column":12},"end":{"line":214,"column":74}},"type":"binary-expr","locations":[{"start":{"line":214,"column":12},"end":{"line":214,"column":31}},{"start":{"line":214,"column":35},"end":{"line":214,"column":74}}],"line":214},"26":{"loc":{"start":{"line":227,"column":6},"end":{"line":231,"column":7}},"type":"if","locations":[{"start":{"line":227,"column":6},"end":{"line":231,"column":7}},{"start":{"line":229,"column":13},"end":{"line":231,"column":7}}],"line":227},"27":{"loc":{"start":{"line":227,"column":10},"end":{"line":227,"column":81}},"type":"binary-expr","locations":[{"start":{"line":227,"column":10},"end":{"line":227,"column":19}},{"start":{"line":227,"column":23},"end":{"line":227,"column":52}},{"start":{"line":227,"column":56},"end":{"line":227,"column":81}}],"line":227},"28":{"loc":{"start":{"line":242,"column":4},"end":{"line":245,"column":5}},"type":"if","locations":[{"start":{"line":242,"column":4},"end":{"line":245,"column":5}},{"start":{},"end":{}}],"line":242},"29":{"loc":{"start":{"line":246,"column":4},"end":{"line":246,"column":24}},"type":"if","locations":[{"start":{"line":246,"column":4},"end":{"line":246,"column":24}},{"start":{},"end":{}}],"line":246},"30":{"loc":{"start":{"line":248,"column":4},"end":{"line":248,"column":33}},"type":"if","locations":[{"start":{"line":248,"column":4},"end":{"line":248,"column":33}},{"start":{},"end":{}}],"line":248},"31":{"loc":{"start":{"line":259,"column":8},"end":{"line":259,"column":60}},"type":"cond-expr","locations":[{"start":{"line":259,"column":34},"end":{"line":259,"column":38}},{"start":{"line":259,"column":41},"end":{"line":259,"column":60}}],"line":259},"32":{"loc":{"start":{"line":262,"column":23},"end":{"line":262,"column":64}},"type":"binary-expr","locations":[{"start":{"line":262,"column":23},"end":{"line":262,"column":56}},{"start":{"line":262,"column":60},"end":{"line":262,"column":64}}],"line":262},"33":{"loc":{"start":{"line":269,"column":22},"end":{"line":269,"column":43}},"type":"binary-expr","locations":[{"start":{"line":269,"column":22},"end":{"line":269,"column":28}},{"start":{"line":269,"column":32},"end":{"line":269,"column":43}}],"line":269},"34":{"loc":{"start":{"line":270,"column":35},"end":{"line":270,"column":60}},"type":"binary-expr","locations":[{"start":{"line":270,"column":35},"end":{"line":270,"column":54}},{"start":{"line":270,"column":58},"end":{"line":270,"column":60}}],"line":270},"35":{"loc":{"start":{"line":290,"column":4},"end":{"line":290,"column":39}},"type":"if","locations":[{"start":{"line":290,"column":4},"end":{"line":290,"column":39}},{"start":{},"end":{}}],"line":290},"36":{"loc":{"start":{"line":323,"column":37},"end":{"line":323,"column":73}},"type":"cond-expr","locations":[{"start":{"line":323,"column":48},"end":{"line":323,"column":61}},{"start":{"line":323,"column":64},"end":{"line":323,"column":73}}],"line":323},"37":{"loc":{"start":{"line":325,"column":13},"end":{"line":329,"column":13}},"type":"binary-expr","locations":[{"start":{"line":325,"column":13},"end":{"line":325,"column":21}},{"start":{"line":326,"column":14},"end":{"line":328,"column":18}}],"line":325},"38":{"loc":{"start":{"line":345,"column":17},"end":{"line":345,"column":64}},"type":"cond-expr","locations":[{"start":{"line":345,"column":27},"end":{"line":345,"column":39}},{"start":{"line":345,"column":42},"end":{"line":345,"column":64}}],"line":345},"39":{"loc":{"start":{"line":357,"column":13},"end":{"line":359,"column":13}},"type":"binary-expr","locations":[{"start":{"line":357,"column":13},"end":{"line":357,"column":33}},{"start":{"line":358,"column":14},"end":{"line":358,"column":91}}],"line":357},"40":{"loc":{"start":{"line":368,"column":25},"end":{"line":368,"column":42}},"type":"binary-expr","locations":[{"start":{"line":368,"column":25},"end":{"line":368,"column":33}},{"start":{"line":368,"column":37},"end":{"line":368,"column":42}}],"line":368},"41":{"loc":{"start":{"line":372,"column":21},"end":{"line":374,"column":21}},"type":"binary-expr","locations":[{"start":{"line":372,"column":21},"end":{"line":372,"column":36}},{"start":{"line":373,"column":22},"end":{"line":373,"column":72}}],"line":372},"42":{"loc":{"start":{"line":375,"column":21},"end":{"line":379,"column":21}},"type":"binary-expr","locations":[{"start":{"line":375,"column":21},"end":{"line":375,"column":61}},{"start":{"line":376,"column":22},"end":{"line":378,"column":26}}],"line":375},"43":{"loc":{"start":{"line":392,"column":25},"end":{"line":392,"column":49}},"type":"cond-expr","locations":[{"start":{"line":392,"column":33},"end":{"line":392,"column":40}},{"start":{"line":392,"column":43},"end":{"line":392,"column":49}}],"line":392},"44":{"loc":{"start":{"line":406,"column":13},"end":{"line":408,"column":13}},"type":"binary-expr","locations":[{"start":{"line":406,"column":13},"end":{"line":406,"column":28}},{"start":{"line":407,"column":14},"end":{"line":407,"column":91}}],"line":406},"45":{"loc":{"start":{"line":410,"column":13},"end":{"line":466,"column":13}},"type":"binary-expr","locations":[{"start":{"line":410,"column":13},"end":{"line":410,"column":27}},{"start":{"line":411,"column":14},"end":{"line":465,"column":17}}],"line":410},"46":{"loc":{"start":{"line":413,"column":17},"end":{"line":413,"column":59}},"type":"binary-expr","locations":[{"start":{"line":413,"column":17},"end":{"line":413,"column":30}},{"start":{"line":413,"column":34},"end":{"line":413,"column":59}}],"line":413},"47":{"loc":{"start":{"line":415,"column":17},"end":{"line":435,"column":17}},"type":"binary-expr","locations":[{"start":{"line":415,"column":17},"end":{"line":415,"column":33}},{"start":{"line":416,"column":18},"end":{"line":434,"column":21}}],"line":415},"48":{"loc":{"start":{"line":437,"column":17},"end":{"line":453,"column":17}},"type":"binary-expr","locations":[{"start":{"line":437,"column":17},"end":{"line":437,"column":58}},{"start":{"line":438,"column":18},"end":{"line":452,"column":21}}],"line":437},"49":{"loc":{"start":{"line":443,"column":27},"end":{"line":448,"column":49}},"type":"cond-expr","locations":[{"start":{"line":444,"column":30},"end":{"line":444,"column":33}},{"start":{"line":445,"column":30},"end":{"line":448,"column":49}}],"line":443},"50":{"loc":{"start":{"line":445,"column":30},"end":{"line":448,"column":49}},"type":"binary-expr","locations":[{"start":{"line":445,"column":30},"end":{"line":445,"column":42}},{"start":{"line":446,"column":30},"end":{"line":446,"column":38}},{"start":{"line":447,"column":30},"end":{"line":447,"column":48}},{"start":{"line":448,"column":30},"end":{"line":448,"column":49}}],"line":445},"51":{"loc":{"start":{"line":455,"column":17},"end":{"line":464,"column":17}},"type":"binary-expr","locations":[{"start":{"line":455,"column":17},"end":{"line":455,"column":52}},{"start":{"line":456,"column":18},"end":{"line":463,"column":21}}],"line":455},"52":{"loc":{"start":{"line":471,"column":7},"end":{"line":476,"column":7}},"type":"binary-expr","locations":[{"start":{"line":471,"column":8},"end":{"line":471,"column":13}},{"start":{"line":471,"column":17},"end":{"line":471,"column":22}},{"start":{"line":472,"column":8},"end":{"line":475,"column":14}}],"line":471},"53":{"loc":{"start":{"line":473,"column":11},"end":{"line":473,"column":56}},"type":"binary-expr","locations":[{"start":{"line":473,"column":11},"end":{"line":473,"column":16}},{"start":{"line":473,"column":20},"end":{"line":473,"column":56}}],"line":473},"54":{"loc":{"start":{"line":474,"column":11},"end":{"line":474,"column":66}},"type":"binary-expr","locations":[{"start":{"line":474,"column":11},"end":{"line":474,"column":16}},{"start":{"line":474,"column":20},"end":{"line":474,"column":26}},{"start":{"line":474,"column":30},"end":{"line":474,"column":66}}],"line":474}},"s":{"0":1,"1":32,"2":17,"3":0,"4":17,"5":68,"6":68,"7":68,"8":68,"9":68,"10":68,"11":68,"12":68,"13":68,"14":68,"15":68,"16":68,"17":15,"18":15,"19":0,"20":15,"21":15,"22":15,"23":14,"24":14,"25":0,"26":15,"27":0,"28":0,"29":15,"30":15,"31":15,"32":15,"33":15,"34":1,"35":15,"36":2,"37":13,"38":13,"39":13,"40":1,"41":13,"42":13,"43":13,"44":1,"45":1,"46":12,"47":12,"48":12,"49":0,"50":12,"51":12,"52":12,"53":12,"54":12,"55":12,"56":12,"57":11,"58":1,"59":1,"60":10,"61":10,"62":10,"63":10,"64":10,"65":10,"66":8,"67":8,"68":8,"69":8,"70":1,"71":2,"72":10,"73":3,"74":0,"75":3,"76":3,"77":1,"78":2,"79":2,"80":2,"81":2,"82":2,"83":2,"84":2,"85":2,"86":2,"87":1,"88":1,"89":2,"90":2,"91":2,"92":1,"93":1,"94":0,"95":2,"96":1,"97":0,"98":0,"99":1,"100":0,"101":1,"102":1,"103":0,"104":1,"105":1,"106":1,"107":1,"108":1,"109":1,"110":1,"111":0,"112":1,"113":1,"114":1,"115":1,"116":1,"117":1,"118":1,"119":0,"120":13,"121":13,"122":1,"123":12,"124":68,"125":13,"126":0,"127":13,"128":13,"129":13,"130":13,"131":3,"132":1,"133":3,"134":3,"135":3},"f":{"0":32,"1":17,"2":68,"3":15,"4":14,"5":0,"6":15,"7":13,"8":13,"9":11,"10":3,"11":1,"12":1,"13":13,"14":13,"15":0,"16":13,"17":3,"18":1,"19":3,"20":3,"21":3},"b":{"0":[32,5,3,3,3],"1":[0,17],"2":[17,2,2,1,1,1,1,1,1,1],"3":[1,0],"4":[0,15],"5":[12],"6":[0,15],"7":[15,15],"8":[14,1],"9":[2,13],"10":[1,1],"11":[1,0],"12":[13,0],"13":[1,12],"14":[12,12],"15":[12,12],"16":[1,10],"17":[7,1],"18":[1,0],"19":[1,7],"20":[0,3],"21":[1,2],"22":[2,0],"23":[2,2],"24":[1,1],"25":[2,1],"26":[1,1],"27":[2,2,2],"28":[0,1],"29":[0,1],"30":[0,1],"31":[0,1],"32":[1,1],"33":[1,0],"34":[1,1],"35":[1,12],"36":[38,30],"37":[68,38],"38":[10,58],"39":[68,55],"40":[13,1],"41":[13,1],"42":[13,13],"43":[1,12],"44":[68,66],"45":[68,2],"46":[2,0],"47":[2,2],"48":[2,2],"49":[3,0],"50":[0,0,0,0],"51":[2,2],"52":[68,64,40],"53":[40,4],"54":[40,38,36]},"_coverageSchema":"1a1c01bbd47fc00a2c39e90264f33305004495a9","hash":"5141c84b96b1d72dcc7aa8339eeacf27a17ae48a"}
}
