TN:
SF:src/App.jsx
FN:6,getRecipeId
FN:16,getRecipeTitle
FN:35,App
FN:54,(anonymous_3)
FN:62,clearToastSoon
FN:64,(anonymous_5)
FN:69,callApi
FN:107,logEvent
FN:129,handleSignIn
FN:162,loadHealthyRecipes
FN:195,openRecipeDetails
FN:241,likeRecipe
FN:258,(anonymous_12)
FN:288,isRecipeLiked
FN:319,(anonymous_14)
FN:340,(anonymous_15)
FN:361,(anonymous_16)
FN:383,(anonymous_17)
FN:389,(anonymous_18)
FN:426,(anonymous_19)
FN:441,(anonymous_20)
FN:459,(anonymous_21)
FNF:22
FNH:20
FNDA:32,getRecipeId
FNDA:17,getRecipeTitle
FNDA:68,App
FNDA:15,(anonymous_3)
FNDA:14,clearToastSoon
FNDA:0,(anonymous_5)
FNDA:15,callApi
FNDA:13,logEvent
FNDA:13,handleSignIn
FNDA:11,loadHealthyRecipes
FNDA:3,openRecipeDetails
FNDA:1,likeRecipe
FNDA:1,(anonymous_12)
FNDA:13,isRecipeLiked
FNDA:13,(anonymous_14)
FNDA:0,(anonymous_15)
FNDA:13,(anonymous_16)
FNDA:3,(anonymous_17)
FNDA:1,(anonymous_18)
FNDA:3,(anonymous_19)
FNDA:3,(anonymous_20)
FNDA:3,(anonymous_21)
DA:4,1
DA:7,32
DA:17,17
DA:19,17
DA:37,68
DA:38,68
DA:40,68
DA:41,68
DA:42,68
DA:43,68
DA:45,68
DA:46,68
DA:47,68
DA:48,68
DA:51,68
DA:54,68
DA:55,15
DA:56,15
DA:57,15
DA:58,15
DA:59,15
DA:63,14
DA:64,14
DA:70,15
DA:71,0
DA:72,0
DA:75,15
DA:76,15
DA:86,15
DA:88,15
DA:89,15
DA:91,1
DA:94,15
DA:95,2
DA:102,13
DA:108,13
DA:109,13
DA:123,1
DA:130,13
DA:131,13
DA:132,13
DA:133,1
DA:134,1
DA:137,12
DA:139,12
DA:140,12
DA:142,0
DA:144,12
DA:148,12
DA:150,12
DA:151,12
DA:152,12
DA:153,12
DA:155,12
DA:163,11
DA:164,1
DA:165,1
DA:167,10
DA:168,10
DA:169,10
DA:170,10
DA:172,10
DA:173,10
DA:179,8
DA:180,8
DA:181,8
DA:183,8
DA:184,1
DA:187,2
DA:189,10
DA:196,3
DA:197,3
DA:198,3
DA:200,2
DA:201,2
DA:202,2
DA:203,2
DA:205,2
DA:206,2
DA:211,2
DA:213,2
DA:214,2
DA:215,1
DA:217,1
DA:221,2
DA:223,2
DA:227,2
DA:228,1
DA:230,1
DA:233,0
DA:235,2
DA:242,1
DA:243,0
DA:244,0
DA:246,1
DA:247,1
DA:248,1
DA:250,1
DA:251,1
DA:258,1
DA:259,1
DA:262,1
DA:264,1
DA:265,1
DA:267,0
DA:269,1
DA:270,1
DA:271,1
DA:272,1
DA:273,1
DA:275,1
DA:282,1
DA:284,0
DA:289,13
DA:290,13
DA:291,12
DA:296,68
DA:319,13
DA:340,0
DA:362,13
DA:363,13
DA:364,13
DA:366,13
DA:383,3
DA:389,1
DA:427,3
DA:442,3
DA:460,3
LF:128
LH:119
BRDA:8,0,0,32
BRDA:8,0,1,5
BRDA:8,0,2,3
BRDA:8,0,3,3
BRDA:8,0,4,3
BRDA:17,1,0,0
BRDA:17,1,1,17
BRDA:20,2,0,17
BRDA:20,2,1,2
BRDA:20,2,2,2
BRDA:20,2,3,1
BRDA:20,2,4,1
BRDA:20,2,5,1
BRDA:20,2,6,1
BRDA:20,2,7,1
BRDA:20,2,8,1
BRDA:20,2,9,1
BRDA:29,3,0,1
BRDA:29,3,1,0
BRDA:56,4,0,0
BRDA:56,4,1,15
BRDA:69,5,0,12
BRDA:70,6,0,0
BRDA:70,6,1,15
BRDA:82,7,0,15
BRDA:82,7,1,15
BRDA:89,8,0,14
BRDA:89,8,1,1
BRDA:94,9,0,2
BRDA:94,9,1,13
BRDA:96,10,0,1
BRDA:96,10,1,1
BRDA:98,11,0,1
BRDA:98,11,1,0
BRDA:117,12,0,13
BRDA:117,12,1,0
BRDA:132,13,0,1
BRDA:132,13,1,12
BRDA:137,14,0,12
BRDA:137,14,1,12
BRDA:145,15,0,12
BRDA:145,15,1,12
BRDA:163,16,0,1
BRDA:163,16,1,10
BRDA:179,17,0,7
BRDA:179,17,1,1
BRDA:179,18,0,1
BRDA:179,18,1,0
BRDA:183,19,0,1
BRDA:183,19,1,7
BRDA:196,20,0,0
BRDA:196,20,1,3
BRDA:198,21,0,1
BRDA:198,21,1,2
BRDA:213,22,0,2
BRDA:213,22,1,0
BRDA:213,23,0,2
BRDA:213,23,1,2
BRDA:214,24,0,1
BRDA:214,24,1,1
BRDA:214,25,0,2
BRDA:214,25,1,1
BRDA:227,26,0,1
BRDA:227,26,1,1
BRDA:227,27,0,2
BRDA:227,27,1,2
BRDA:227,27,2,2
BRDA:242,28,0,0
BRDA:242,28,1,1
BRDA:246,29,0,0
BRDA:246,29,1,1
BRDA:248,30,0,0
BRDA:248,30,1,1
BRDA:259,31,0,0
BRDA:259,31,1,1
BRDA:262,32,0,1
BRDA:262,32,1,1
BRDA:269,33,0,1
BRDA:269,33,1,0
BRDA:270,34,0,1
BRDA:270,34,1,1
BRDA:290,35,0,1
BRDA:290,35,1,12
BRDA:323,36,0,38
BRDA:323,36,1,30
BRDA:325,37,0,68
BRDA:325,37,1,38
BRDA:345,38,0,10
BRDA:345,38,1,58
BRDA:357,39,0,68
BRDA:357,39,1,55
BRDA:368,40,0,13
BRDA:368,40,1,1
BRDA:372,41,0,13
BRDA:372,41,1,1
BRDA:375,42,0,13
BRDA:375,42,1,13
BRDA:392,43,0,1
BRDA:392,43,1,12
BRDA:406,44,0,68
BRDA:406,44,1,66
BRDA:410,45,0,68
BRDA:410,45,1,2
BRDA:413,46,0,2
BRDA:413,46,1,0
BRDA:415,47,0,2
BRDA:415,47,1,2
BRDA:437,48,0,2
BRDA:437,48,1,2
BRDA:443,49,0,3
BRDA:443,49,1,0
BRDA:445,50,0,0
BRDA:445,50,1,0
BRDA:445,50,2,0
BRDA:445,50,3,0
BRDA:455,51,0,2
BRDA:455,51,1,2
BRDA:471,52,0,68
BRDA:471,52,1,64
BRDA:471,52,2,40
BRDA:473,53,0,40
BRDA:473,53,1,4
BRDA:474,54,0,40
BRDA:474,54,1,38
BRDA:474,54,2,36
BRF:125
BRH:105
end_of_record
