<?xml version="1.0" encoding="UTF-8"?>
<testsuite xmlns:xsi="http://www.w3.org/2001/XMLSchema-instance" xsi:noNamespaceSchemaLocation="https://maven.apache.org/surefire/maven-surefire-plugin/xsd/surefire-test-report.xsd" version="3.0.2" name="dev.coms4156.project.calorieservice.RouteControllerTests" time="2.608" tests="16" errors="0" skipped="0" failures="0">
  <properties>
[...]
</properties>
  <testcase name="totalCalorieEndpointReturnsAggregatedCalories" classname="dev.coms4156.project.calorieservice.RouteControllerTests" time="0.902">
    <system-out><![CDATA[01:36:36.486 [main] INFO org.springframework.test.context.support.AnnotationConfigContextLoaderUtils -- Could not detect default configuration classes for test class [dev.coms4156.project.calorieservice.RouteControllerTests]: RouteControllerTests does not declare any static, non-private, non-final, nested classes annotated with @Configuration.
01:36:36.606 [main] INFO org.springframework.boot.test.context.SpringBootTestContextBootstrapper -- Found @SpringBootConfiguration dev.coms4156.project.calorieservice.CalorieService for test class dev.coms4156.project.calorieservice.RouteControllerTests

  .   ____          _            __ _ _
 /\\ / ___'_ __ _ _(_)_ __  __ _ \ \ \ \
( ( )\___ | '_ | '_| | '_ \/ _` | \ \ \ \
 \\/  ___)| |_)| | | | | || (_| |  ) ) ) )
  '  |____| .__|_| |_|_| |_\__, | / / / /
 =========|_|==============|___/=/_/_/_/

 :: Spring Boot ::                (v3.4.4)

2025-10-20T01:36:37.004-04:00  INFO 27800 --- [IndividualProject] [           main] d.c.p.c.RouteControllerTests             : Starting RouteControllerTests using Java 17.0.16 with PID 27800 (started by rosebeck in /Users/rosebeck/Desktop/adv_prog_push/4156-Team-Project-2025/CalorieService)
2025-10-20T01:36:37.005-04:00  INFO 27800 --- [IndividualProject] [           main] d.c.p.c.RouteControllerTests             : No active profile set, falling back to 1 default profile: "default"
2025-10-20T01:36:37.888-04:00  INFO 27800 --- [IndividualProject] [           main] o.s.b.t.m.w.SpringBootMockServletContext : Initializing Spring TestDispatcherServlet ''
2025-10-20T01:36:37.888-04:00  INFO 27800 --- [IndividualProject] [           main] o.s.t.web.servlet.TestDispatcherServlet  : Initializing Servlet ''
2025-10-20T01:36:37.889-04:00  INFO 27800 --- [IndividualProject] [           main] o.s.t.web.servlet.TestDispatcherServlet  : Completed initialization in 1 ms
2025-10-20T01:36:37.910-04:00  INFO 27800 --- [IndividualProject] [           main] d.c.p.c.RouteControllerTests             : Started RouteControllerTests in 1.127 seconds (process running for 2.287)
]]></system-out>
  </testcase>
  <testcase name="viewRecipeEndpointReturns404ForNonExistentRecipe" classname="dev.coms4156.project.calorieservice.RouteControllerTests" time="0.005"/>
  <testcase name="viewRecipeEndpointIncrementsViews" classname="dev.coms4156.project.calorieservice.RouteControllerTests" time="0.015"/>
  <testcase name="calorieBreakdownEndpointReturns404ForNonExistentRecipe" classname="dev.coms4156.project.calorieservice.RouteControllerTests" time="0.003"/>
  <testcase name="addRecipeEndpointReturns400ForMissingRecipeId" classname="dev.coms4156.project.calorieservice.RouteControllerTests" time="0.004"/>
  <testcase name="likeRecipeEndpointReturns404ForNonExistentRecipe" classname="dev.coms4156.project.calorieservice.RouteControllerTests" time="0.002"/>
  <testcase name="alternativeEndpointReturnsEmptyListsWhenNoAlternativesExist" classname="dev.coms4156.project.calorieservice.RouteControllerTests" time="0.012"/>
  <testcase name="totalCalorieEndpointReturns404ForNonExistentRecipe" classname="dev.coms4156.project.calorieservice.RouteControllerTests" time="0.002"/>
  <testcase name="addRecipeEndpointCreatesRecipeAndHandlesConflict" classname="dev.coms4156.project.calorieservice.RouteControllerTests" time="0.005"/>
  <testcase name="calorieBreakdownEndpointReturnsIngredientCalories" classname="dev.coms4156.project.calorieservice.RouteControllerTests" time="0.003"/>
  <testcase name="likeRecipeEndpointIncrementsLikes" classname="dev.coms4156.project.calorieservice.RouteControllerTests" time="0.005"/>
  <testcase name="recipeWithNullCategoryCanBeAdded" classname="dev.coms4156.project.calorieservice.RouteControllerTests" time="0.003"/>
  <testcase name="recipeWithZeroIngredientsReturnsZeroCalories" classname="dev.coms4156.project.calorieservice.RouteControllerTests" time="0.003"/>
  <testcase name="addRecipeEndpointReturns400ForMalformedJson" classname="dev.coms4156.project.calorieservice.RouteControllerTests" time="0.026">
    <system-out><![CDATA[2025-10-20T01:36:38.913-04:00  WARN 27800 --- [IndividualProject] [           main] .w.s.m.s.DefaultHandlerExceptionResolver : Resolved [org.springframework.http.converter.HttpMessageNotReadableException: JSON parse error: Unexpected character ('r' (code 114)): was expecting double-quote to start field name]
]]></system-out>
  </testcase>
  <testcase name="alternativeEndpointReturnsRecommendations" classname="dev.coms4156.project.calorieservice.RouteControllerTests" time="0.022"/>
  <testcase name="alternativeEndpointReturns404ForNonExistentRecipe" classname="dev.coms4156.project.calorieservice.RouteControllerTests" time="0.003"/>
</testsuite>